NAMESPACE                LAST SEEN             TYPE      REASON                         OBJECT                                                             MESSAGE
preprod-plt-25-03-2026   60m                   Normal    ScalingReplicaSet              Deployment/django-dashboard-deployment-plt-25-03-2026              Scaled up replica set django-dashboard-deployment-plt-25-03-2026-6dc65499d8 from 0 to 1
preprod-plt-25-03-2026   60m                   Normal    SuccessfulCreate               ReplicaSet/django-dashboard-deployment-plt-25-03-2026-6dc65499d8   Created pod: django-dashboard-deployment-plt-25-03-2026-6dc65499d8-p9z7p
preprod-plt-25-03-2026   60m                   Normal    Scheduled                      Pod/django-dashboard-deployment-plt-25-03-2026-6dc65499d8-p9z7p    Successfully assigned preprod-plt-25-03-2026/django-dashboard-deployment-plt-25-03-2026-6dc65499d8-p9z7p to minikube
preprod-plt-25-03-2026   60m                   Normal    SuccessfulDelete               ReplicaSet/django-dashboard-deployment-plt-25-03-2026-6dcc4d79f9   Deleted pod: django-dashboard-deployment-plt-25-03-2026-6dcc4d79f9-nrvfd
preprod-plt-25-03-2026   60m                   Normal    Killing                        Pod/django-dashboard-deployment-plt-25-03-2026-6dcc4d79f9-nrvfd    Stopping container container-django-dashboard-plt-25-03-2026
preprod-plt-25-03-2026   60m                   Normal    ScalingReplicaSet              Deployment/django-dashboard-deployment-plt-25-03-2026              Scaled up replica set django-dashboard-deployment-plt-25-03-2026-6dc65499d8 from 1 to 2
preprod-plt-25-03-2026   60m                   Normal    SuccessfulCreate               ReplicaSet/django-dashboard-deployment-plt-25-03-2026-6dc65499d8   Created pod: django-dashboard-deployment-plt-25-03-2026-6dc65499d8-2j8vz
preprod-plt-25-03-2026   60m                   Normal    Started                        Pod/django-dashboard-deployment-plt-25-03-2026-6dc65499d8-p9z7p    Container started
preprod-plt-25-03-2026   60m                   Normal    Pulled                         Pod/django-dashboard-deployment-plt-25-03-2026-6dc65499d8-p9z7p    Container image "plt/app-django-plt-25-03-2026:v1" already present on machine and can be accessed by the pod
preprod-plt-25-03-2026   60m                   Normal    Created                        Pod/django-dashboard-deployment-plt-25-03-2026-6dc65499d8-p9z7p    Container created
preprod-plt-25-03-2026   60m                   Normal    ScalingReplicaSet              Deployment/django-dashboard-deployment-plt-25-03-2026              Scaled down replica set django-dashboard-deployment-plt-25-03-2026-6dcc4d79f9 from 3 to 2
preprod-plt-25-03-2026   60m                   Normal    Scheduled                      Pod/django-dashboard-deployment-plt-25-03-2026-6dc65499d8-2j8vz    Successfully assigned preprod-plt-25-03-2026/django-dashboard-deployment-plt-25-03-2026-6dc65499d8-2j8vz to minikube
preprod-plt-25-03-2026   60m                   Normal    Pulled                         Pod/django-dashboard-deployment-plt-25-03-2026-6dc65499d8-2j8vz    Container image "plt/app-django-plt-25-03-2026:v1" already present on machine and can be accessed by the pod
preprod-plt-25-03-2026   60m                   Normal    Created                        Pod/django-dashboard-deployment-plt-25-03-2026-6dc65499d8-2j8vz    Container created
preprod-plt-25-03-2026   60m                   Normal    Started                        Pod/django-dashboard-deployment-plt-25-03-2026-6dc65499d8-2j8vz    Container started
preprod-plt-25-03-2026   60m                   Normal    Killing                        Pod/django-dashboard-deployment-plt-25-03-2026-6dcc4d79f9-k7k85    Stopping container container-django-dashboard-plt-25-03-2026
preprod-plt-25-03-2026   60m                   Normal    SuccessfulDelete               ReplicaSet/django-dashboard-deployment-plt-25-03-2026-6dcc4d79f9   Deleted pod: django-dashboard-deployment-plt-25-03-2026-6dcc4d79f9-k7k85
preprod-plt-25-03-2026   60m                   Normal    SuccessfulCreate               ReplicaSet/django-dashboard-deployment-plt-25-03-2026-6dc65499d8   Created pod: django-dashboard-deployment-plt-25-03-2026-6dc65499d8-ls2mg
preprod-plt-25-03-2026   60m                   Normal    Scheduled                      Pod/django-dashboard-deployment-plt-25-03-2026-6dc65499d8-ls2mg    Successfully assigned preprod-plt-25-03-2026/django-dashboard-deployment-plt-25-03-2026-6dc65499d8-ls2mg to minikube
preprod-plt-25-03-2026   60m                   Normal    Killing                        Pod/django-dashboard-deployment-plt-25-03-2026-6dcc4d79f9-4j6z7    Stopping container container-django-dashboard-plt-25-03-2026
preprod-plt-25-03-2026   60m                   Normal    SuccessfulDelete               ReplicaSet/django-dashboard-deployment-plt-25-03-2026-6dcc4d79f9   Deleted pod: django-dashboard-deployment-plt-25-03-2026-6dcc4d79f9-4j6z7
preprod-plt-25-03-2026   60m (x3 over 60m)     Normal    ScalingReplicaSet              Deployment/django-dashboard-deployment-plt-25-03-2026              (combined from similar events): Scaled down replica set django-dashboard-deployment-plt-25-03-2026-6dcc4d79f9 from 1 to 0
preprod-plt-25-03-2026   60m                   Normal    Pulled                         Pod/django-dashboard-deployment-plt-25-03-2026-6dc65499d8-ls2mg    Container image "plt/app-django-plt-25-03-2026:v1" already present on machine and can be accessed by the pod
preprod-plt-25-03-2026   60m                   Normal    Created                        Pod/django-dashboard-deployment-plt-25-03-2026-6dc65499d8-ls2mg    Container created
preprod-plt-25-03-2026   60m                   Normal    Started                        Pod/django-dashboard-deployment-plt-25-03-2026-6dc65499d8-ls2mg    Container started
preprod-plt-25-03-2026   58m                   Normal    SuccessfulCreate               ReplicaSet/django-deployment-7d54f6d9fb                            Created pod: django-deployment-7d54f6d9fb-vj6xk
preprod-plt-25-03-2026   58m                   Normal    ScalingReplicaSet              Deployment/django-deployment                                       Scaled up replica set django-deployment-7d54f6d9fb from 0 to 1
preprod-plt-25-03-2026   58m                   Normal    Scheduled                      Pod/django-deployment-7d54f6d9fb-vj6xk                             Successfully assigned preprod-plt-25-03-2026/django-deployment-7d54f6d9fb-vj6xk to minikube
preprod-plt-25-03-2026   58m (x116 over 83m)   Normal    Pulled                         Pod/stripe-deployment-plt-25-03-2026-644c78f584-fwb5f              Container image "plt/stripe-app-plt-25-03-2026:v1" already present on machine and can be accessed by the pod
preprod-plt-25-03-2026   58m                   Normal    SuccessfulCreate               ReplicaSet/stripe-deployment-plt-25-03-2026-6ccc74b4c              Created pod: stripe-deployment-plt-25-03-2026-6ccc74b4c-zhcbz
preprod-plt-25-03-2026   58m (x116 over 83m)   Warning   Failed                         Pod/stripe-deployment-plt-25-03-2026-644c78f584-fwb5f              Error: configmap "stripe-configmap-plt-25-03-2026" not found
preprod-plt-25-03-2026   58m                   Normal    ScalingReplicaSet              Deployment/stripe-deployment-plt-25-03-2026                        Scaled up replica set stripe-deployment-plt-25-03-2026-6ccc74b4c from 0 to 1
preprod-plt-25-03-2026   58m                   Normal    Scheduled                      Pod/stripe-deployment-plt-25-03-2026-6ccc74b4c-zhcbz               Successfully assigned preprod-plt-25-03-2026/stripe-deployment-plt-25-03-2026-6ccc74b4c-zhcbz to minikube
preprod-plt-25-03-2026   57m (x117 over 82m)   Warning   Failed                         Pod/django-deployment-575d9bdf9c-hkm5m                             Error: configmap "django-app-configmap" not found
preprod-plt-25-03-2026   57m (x117 over 82m)   Normal    Pulled                         Pod/django-deployment-575d9bdf9c-hkm5m                             Container image "plt/app-rocket-plt-25-03-2026:v1" already present on machine and can be accessed by the pod
preprod-plt-25-03-2026   57m (x117 over 82m)   Normal    Pulled                         Pod/django-deployment-575d9bdf9c-jrjrd                             Container image "plt/app-rocket-plt-25-03-2026:v1" already present on machine and can be accessed by the pod
preprod-plt-25-03-2026   57m (x117 over 82m)   Warning   Failed                         Pod/django-deployment-575d9bdf9c-jrjrd                             Error: configmap "django-app-configmap" not found
preprod-plt-25-03-2026   57m (x117 over 82m)   Warning   Failed                         Pod/stripe-deployment-plt-25-03-2026-644c78f584-hs4vr              Error: configmap "stripe-configmap-plt-25-03-2026" not found
preprod-plt-25-03-2026   57m (x117 over 82m)   Normal    Pulled                         Pod/stripe-deployment-plt-25-03-2026-644c78f584-hs4vr              Container image "plt/stripe-app-plt-25-03-2026:v1" already present on machine and can be accessed by the pod
preprod-plt-25-03-2026   56m (x120 over 82m)   Warning   Failed                         Pod/stripe-deployment-plt-25-03-2026-644c78f584-2s7ph              Error: configmap "stripe-configmap-plt-25-03-2026" not found
preprod-plt-25-03-2026   56m (x120 over 82m)   Normal    Pulled                         Pod/stripe-deployment-plt-25-03-2026-644c78f584-2s7ph              Container image "plt/stripe-app-plt-25-03-2026:v1" already present on machine and can be accessed by the pod
preprod-plt-25-03-2026   54m (x19 over 58m)    Warning   Failed                         Pod/stripe-deployment-plt-25-03-2026-6ccc74b4c-zhcbz               Error: configmap "stripe-configmap-plt-25-03-2026" not found
preprod-plt-25-03-2026   54m                   Normal    Created                        Pod/stripe-deployment-plt-25-03-2026-6ccc74b4c-zhcbz               Container created
preprod-plt-25-03-2026   54m                   Normal    SuccessfulDelete               ReplicaSet/stripe-deployment-plt-25-03-2026-644c78f584             Deleted pod: stripe-deployment-plt-25-03-2026-644c78f584-2s7ph
preprod-plt-25-03-2026   54m                   Normal    ScalingReplicaSet              Deployment/stripe-deployment-plt-25-03-2026                        Scaled up replica set stripe-deployment-plt-25-03-2026-6ccc74b4c from 1 to 2
preprod-plt-25-03-2026   54m                   Normal    Started                        Pod/stripe-deployment-plt-25-03-2026-6ccc74b4c-zhcbz               Container started
preprod-plt-25-03-2026   54m                   Normal    SuccessfulCreate               ReplicaSet/stripe-deployment-plt-25-03-2026-6ccc74b4c              Created pod: stripe-deployment-plt-25-03-2026-6ccc74b4c-82qbz
preprod-plt-25-03-2026   54m                   Normal    ScalingReplicaSet              Deployment/stripe-deployment-plt-25-03-2026                        Scaled down replica set stripe-deployment-plt-25-03-2026-644c78f584 from 3 to 2
preprod-plt-25-03-2026   54m (x20 over 58m)    Normal    Pulled                         Pod/stripe-deployment-plt-25-03-2026-6ccc74b4c-zhcbz               Container image "plt/stripe-app-plt-25-03-2026:v1" already present on machine and can be accessed by the pod
preprod-plt-25-03-2026   54m                   Normal    Scheduled                      Pod/stripe-deployment-plt-25-03-2026-6ccc74b4c-82qbz               Successfully assigned preprod-plt-25-03-2026/stripe-deployment-plt-25-03-2026-6ccc74b4c-82qbz to minikube
preprod-plt-25-03-2026   54m                   Normal    SuccessfulCreate               ReplicaSet/stripe-deployment-plt-25-03-2026-6ccc74b4c              Created pod: stripe-deployment-plt-25-03-2026-6ccc74b4c-wcvw4
preprod-plt-25-03-2026   54m                   Normal    SuccessfulDelete               ReplicaSet/stripe-deployment-plt-25-03-2026-644c78f584             Deleted pod: stripe-deployment-plt-25-03-2026-644c78f584-hs4vr
preprod-plt-25-03-2026   54m                   Normal    Pulled                         Pod/stripe-deployment-plt-25-03-2026-6ccc74b4c-82qbz               Container image "plt/stripe-app-plt-25-03-2026:v1" already present on machine and can be accessed by the pod
preprod-plt-25-03-2026   54m                   Normal    Created                        Pod/stripe-deployment-plt-25-03-2026-6ccc74b4c-82qbz               Container created
preprod-plt-25-03-2026   54m                   Normal    Started                        Pod/stripe-deployment-plt-25-03-2026-6ccc74b4c-82qbz               Container started
preprod-plt-25-03-2026   54m                   Normal    ScalingReplicaSet              Deployment/stripe-deployment-plt-25-03-2026                        Scaled down replica set stripe-deployment-plt-25-03-2026-644c78f584 from 2 to 1
preprod-plt-25-03-2026   54m                   Normal    ScalingReplicaSet              Deployment/stripe-deployment-plt-25-03-2026                        Scaled up replica set stripe-deployment-plt-25-03-2026-6ccc74b4c from 2 to 3
preprod-plt-25-03-2026   54m                   Normal    Scheduled                      Pod/stripe-deployment-plt-25-03-2026-6ccc74b4c-wcvw4               Successfully assigned preprod-plt-25-03-2026/stripe-deployment-plt-25-03-2026-6ccc74b4c-wcvw4 to minikube
preprod-plt-25-03-2026   54m                   Normal    Started                        Pod/stripe-deployment-plt-25-03-2026-6ccc74b4c-wcvw4               Container started
preprod-plt-25-03-2026   54m                   Normal    SuccessfulDelete               ReplicaSet/stripe-deployment-plt-25-03-2026-644c78f584             Deleted pod: stripe-deployment-plt-25-03-2026-644c78f584-fwb5f
preprod-plt-25-03-2026   54m                   Normal    ScalingReplicaSet              Deployment/stripe-deployment-plt-25-03-2026                        Scaled down replica set stripe-deployment-plt-25-03-2026-644c78f584 from 1 to 0
preprod-plt-25-03-2026   54m                   Normal    Pulled                         Pod/stripe-deployment-plt-25-03-2026-6ccc74b4c-wcvw4               Container image "plt/stripe-app-plt-25-03-2026:v1" already present on machine and can be accessed by the pod
preprod-plt-25-03-2026   54m                   Normal    Created                        Pod/stripe-deployment-plt-25-03-2026-6ccc74b4c-wcvw4               Container created
preprod-plt-25-03-2026   54m                   Normal    Started                        Pod/stripe-deployment-plt-25-03-2026-689986d8cd-7gbp7              Container started
preprod-plt-25-03-2026   54m                   Normal    Pulled                         Pod/stripe-deployment-plt-25-03-2026-689986d8cd-7gbp7              Container image "plt/stripe-app-plt-25-03-2026:v1" already present on machine and can be accessed by the pod
preprod-plt-25-03-2026   54m                   Normal    Created                        Pod/stripe-deployment-plt-25-03-2026-689986d8cd-7gbp7              Container created
preprod-plt-25-03-2026   54m                   Normal    SuccessfulCreate               ReplicaSet/stripe-deployment-plt-25-03-2026-689986d8cd             Created pod: stripe-deployment-plt-25-03-2026-689986d8cd-7gbp7
preprod-plt-25-03-2026   54m                   Normal    ScalingReplicaSet              Deployment/stripe-deployment-plt-25-03-2026                        Scaled up replica set stripe-deployment-plt-25-03-2026-689986d8cd from 0 to 1
preprod-plt-25-03-2026   54m                   Normal    Scheduled                      Pod/stripe-deployment-plt-25-03-2026-689986d8cd-7gbp7              Successfully assigned preprod-plt-25-03-2026/stripe-deployment-plt-25-03-2026-689986d8cd-7gbp7 to minikube
preprod-plt-25-03-2026   54m                   Normal    Killing                        Pod/stripe-deployment-plt-25-03-2026-6ccc74b4c-wcvw4               Stopping container container-stripe-plt-25-03-2026
preprod-plt-25-03-2026   54m                   Normal    ScalingReplicaSet              Deployment/stripe-deployment-plt-25-03-2026                        Scaled down replica set stripe-deployment-plt-25-03-2026-6ccc74b4c from 3 to 2
preprod-plt-25-03-2026   54m                   Normal    SuccessfulCreate               ReplicaSet/stripe-deployment-plt-25-03-2026-689986d8cd             Created pod: stripe-deployment-plt-25-03-2026-689986d8cd-m27k9
preprod-plt-25-03-2026   54m                   Normal    ScalingReplicaSet              Deployment/stripe-deployment-plt-25-03-2026                        Scaled up replica set stripe-deployment-plt-25-03-2026-689986d8cd from 1 to 2
preprod-plt-25-03-2026   54m                   Normal    SuccessfulDelete               ReplicaSet/stripe-deployment-plt-25-03-2026-6ccc74b4c              Deleted pod: stripe-deployment-plt-25-03-2026-6ccc74b4c-wcvw4
preprod-plt-25-03-2026   54m                   Normal    Scheduled                      Pod/stripe-deployment-plt-25-03-2026-689986d8cd-m27k9              Successfully assigned preprod-plt-25-03-2026/stripe-deployment-plt-25-03-2026-689986d8cd-m27k9 to minikube
preprod-plt-25-03-2026   54m                   Normal    Created                        Pod/stripe-deployment-plt-25-03-2026-689986d8cd-m27k9              Container created
preprod-plt-25-03-2026   54m                   Normal    SuccessfulDelete               ReplicaSet/stripe-deployment-plt-25-03-2026-6ccc74b4c              Deleted pod: stripe-deployment-plt-25-03-2026-6ccc74b4c-82qbz
preprod-plt-25-03-2026   54m                   Normal    Started                        Pod/stripe-deployment-plt-25-03-2026-689986d8cd-m27k9              Container started
preprod-plt-25-03-2026   54m                   Normal    Killing                        Pod/stripe-deployment-plt-25-03-2026-6ccc74b4c-82qbz               Stopping container container-stripe-plt-25-03-2026
preprod-plt-25-03-2026   54m                   Normal    SuccessfulCreate               ReplicaSet/stripe-deployment-plt-25-03-2026-689986d8cd             Created pod: stripe-deployment-plt-25-03-2026-689986d8cd-z7mmp
preprod-plt-25-03-2026   54m                   Normal    Pulled                         Pod/stripe-deployment-plt-25-03-2026-689986d8cd-m27k9              Container image "plt/stripe-app-plt-25-03-2026:v1" already present on machine and can be accessed by the pod
preprod-plt-25-03-2026   54m                   Normal    Scheduled                      Pod/stripe-deployment-plt-25-03-2026-689986d8cd-z7mmp              Successfully assigned preprod-plt-25-03-2026/stripe-deployment-plt-25-03-2026-689986d8cd-z7mmp to minikube
preprod-plt-25-03-2026   54m                   Normal    SuccessfulDelete               ReplicaSet/stripe-deployment-plt-25-03-2026-6ccc74b4c              Deleted pod: stripe-deployment-plt-25-03-2026-6ccc74b4c-zhcbz
preprod-plt-25-03-2026   54m                   Normal    Killing                        Pod/stripe-deployment-plt-25-03-2026-6ccc74b4c-zhcbz               Stopping container container-stripe-plt-25-03-2026
preprod-plt-25-03-2026   54m                   Normal    Started                        Pod/stripe-deployment-plt-25-03-2026-689986d8cd-z7mmp              Container started
preprod-plt-25-03-2026   54m                   Normal    Created                        Pod/stripe-deployment-plt-25-03-2026-689986d8cd-z7mmp              Container created
preprod-plt-25-03-2026   54m                   Normal    Pulled                         Pod/stripe-deployment-plt-25-03-2026-689986d8cd-z7mmp              Container image "plt/stripe-app-plt-25-03-2026:v1" already present on machine and can be accessed by the pod
preprod-plt-25-03-2026   54m (x3 over 54m)     Normal    ScalingReplicaSet              Deployment/stripe-deployment-plt-25-03-2026                        (combined from similar events): Scaled down replica set stripe-deployment-plt-25-03-2026-6ccc74b4c from 1 to 0
preprod-plt-25-03-2026   53m (x140 over 83m)   Warning   Failed                         Pod/django-deployment-575d9bdf9c-zrrts                             Error: configmap "django-app-configmap" not found
preprod-plt-25-03-2026   53m (x140 over 83m)   Normal    Pulled                         Pod/django-deployment-575d9bdf9c-zrrts                             Container image "plt/app-rocket-plt-25-03-2026:v1" already present on machine and can be accessed by the pod
preprod-plt-25-03-2026   53m (x25 over 58m)    Warning   Failed                         Pod/django-deployment-7d54f6d9fb-vj6xk                             Error: configmap "django-app-configmap" not found
preprod-plt-25-03-2026   53m                   Normal    SuccessfulDelete               ReplicaSet/django-deployment-575d9bdf9c                            Deleted pod: django-deployment-575d9bdf9c-zrrts
preprod-plt-25-03-2026   53m                   Normal    SuccessfulCreate               ReplicaSet/django-deployment-7d54f6d9fb                            Created pod: django-deployment-7d54f6d9fb-wqxsw
preprod-plt-25-03-2026   53m (x26 over 58m)    Normal    Pulled                         Pod/django-deployment-7d54f6d9fb-vj6xk                             Container image "plt/app-rocket-plt-25-03-2026:v1" already present on machine and can be accessed by the pod
preprod-plt-25-03-2026   53m                   Normal    Pulled                         Pod/django-deployment-7d54f6d9fb-wqxsw                             Container image "plt/app-rocket-plt-25-03-2026:v1" already present on machine and can be accessed by the pod
preprod-plt-25-03-2026   53m                   Normal    ScalingReplicaSet              Deployment/django-deployment                                       Scaled up replica set django-deployment-7d54f6d9fb from 1 to 2
preprod-plt-25-03-2026   53m                   Normal    ScalingReplicaSet              Deployment/django-deployment                                       Scaled down replica set django-deployment-575d9bdf9c from 3 to 2
preprod-plt-25-03-2026   53m                   Normal    Created                        Pod/django-deployment-7d54f6d9fb-wqxsw                             Container created
preprod-plt-25-03-2026   53m                   Normal    Scheduled                      Pod/django-deployment-7d54f6d9fb-wqxsw                             Successfully assigned preprod-plt-25-03-2026/django-deployment-7d54f6d9fb-wqxsw to minikube
preprod-plt-25-03-2026   53m                   Normal    SuccessfulDelete               ReplicaSet/django-deployment-575d9bdf9c                            Deleted pod: django-deployment-575d9bdf9c-jrjrd
preprod-plt-25-03-2026   53m                   Normal    Started                        Pod/django-deployment-7d54f6d9fb-wqxsw                             Container started
preprod-plt-25-03-2026   53m                   Normal    SuccessfulCreate               ReplicaSet/django-deployment-7d54f6d9fb                            Created pod: django-deployment-7d54f6d9fb-v52vp
preprod-plt-25-03-2026   53m                   Normal    ScalingReplicaSet              Deployment/django-deployment                                       Scaled down replica set django-deployment-575d9bdf9c from 2 to 1
preprod-plt-25-03-2026   53m                   Normal    ScalingReplicaSet              Deployment/django-deployment                                       Scaled up replica set django-deployment-7d54f6d9fb from 2 to 3
preprod-plt-25-03-2026   53m                   Normal    Scheduled                      Pod/django-deployment-7d54f6d9fb-v52vp                             Successfully assigned preprod-plt-25-03-2026/django-deployment-7d54f6d9fb-v52vp to minikube
preprod-plt-25-03-2026   53m                   Normal    ScalingReplicaSet              Deployment/django-deployment                                       Scaled down replica set django-deployment-575d9bdf9c from 1 to 0
preprod-plt-25-03-2026   53m                   Normal    Started                        Pod/django-deployment-7d54f6d9fb-v52vp                             Container started
preprod-plt-25-03-2026   53m                   Normal    Created                        Pod/django-deployment-7d54f6d9fb-v52vp                             Container created
preprod-plt-25-03-2026   53m                   Normal    Pulled                         Pod/django-deployment-7d54f6d9fb-v52vp                             Container image "plt/app-rocket-plt-25-03-2026:v1" already present on machine and can be accessed by the pod
preprod-plt-25-03-2026   53m                   Normal    SuccessfulDelete               ReplicaSet/django-deployment-575d9bdf9c                            Deleted pod: django-deployment-575d9bdf9c-hkm5m
preprod-plt-25-03-2026   53m                   Normal    SuccessfulCreate               ReplicaSet/django-deployment-5478c69b4d                            Created pod: django-deployment-5478c69b4d-dl84n
preprod-plt-25-03-2026   53m                   Normal    ScalingReplicaSet              Deployment/django-deployment                                       Scaled up replica set django-deployment-5478c69b4d from 0 to 1
preprod-plt-25-03-2026   53m                   Normal    Scheduled                      Pod/django-deployment-5478c69b4d-dl84n                             Successfully assigned preprod-plt-25-03-2026/django-deployment-5478c69b4d-dl84n to minikube
preprod-plt-25-03-2026   53m                   Normal    ScalingReplicaSet              Deployment/django-deployment                                       Scaled down replica set django-deployment-7d54f6d9fb from 3 to 2
preprod-plt-25-03-2026   53m                   Normal    SuccessfulDelete               ReplicaSet/django-deployment-7d54f6d9fb                            Deleted pod: django-deployment-7d54f6d9fb-v52vp
preprod-plt-25-03-2026   53m                   Normal    Pulled                         Pod/django-deployment-5478c69b4d-dl84n                             Container image "plt/app-rocket-plt-25-03-2026:v1" already present on machine and can be accessed by the pod
preprod-plt-25-03-2026   53m                   Normal    ScalingReplicaSet              Deployment/django-deployment                                       Scaled up replica set django-deployment-5478c69b4d from 1 to 2
preprod-plt-25-03-2026   53m                   Normal    Started                        Pod/django-deployment-5478c69b4d-dl84n                             Container started
preprod-plt-25-03-2026   53m                   Normal    SuccessfulCreate               ReplicaSet/django-deployment-5478c69b4d                            Created pod: django-deployment-5478c69b4d-c94f7
preprod-plt-25-03-2026   53m                   Normal    Created                        Pod/django-deployment-5478c69b4d-dl84n                             Container created
preprod-plt-25-03-2026   53m                   Normal    Killing                        Pod/django-deployment-7d54f6d9fb-v52vp                             Stopping container django-random
preprod-plt-25-03-2026   53m                   Normal    Scheduled                      Pod/django-deployment-5478c69b4d-c94f7                             Successfully assigned preprod-plt-25-03-2026/django-deployment-5478c69b4d-c94f7 to minikube
preprod-plt-25-03-2026   53m                   Normal    Killing                        Pod/django-deployment-7d54f6d9fb-wqxsw                             Stopping container django-random
preprod-plt-25-03-2026   53m                   Normal    Pulled                         Pod/django-deployment-5478c69b4d-c94f7                             Container image "plt/app-rocket-plt-25-03-2026:v1" already present on machine and can be accessed by the pod
preprod-plt-25-03-2026   53m                   Normal    Created                        Pod/django-deployment-5478c69b4d-c94f7                             Container created
preprod-plt-25-03-2026   53m                   Normal    Started                        Pod/django-deployment-5478c69b4d-c94f7                             Container started
preprod-plt-25-03-2026   53m                   Normal    SuccessfulDelete               ReplicaSet/django-deployment-7d54f6d9fb                            Deleted pod: django-deployment-7d54f6d9fb-wqxsw
preprod-plt-25-03-2026   53m                   Normal    SuccessfulCreate               ReplicaSet/django-deployment-5478c69b4d                            Created pod: django-deployment-5478c69b4d-hfnj7
preprod-plt-25-03-2026   53m                   Normal    Scheduled                      Pod/django-deployment-5478c69b4d-hfnj7                             Successfully assigned preprod-plt-25-03-2026/django-deployment-5478c69b4d-hfnj7 to minikube
preprod-plt-25-03-2026   53m (x3 over 53m)     Normal    ScalingReplicaSet              Deployment/django-deployment                                       (combined from similar events): Scaled down replica set django-deployment-7d54f6d9fb from 1 to 0
preprod-plt-25-03-2026   53m                   Normal    Created                        Pod/django-deployment-5478c69b4d-hfnj7                             Container created
preprod-plt-25-03-2026   53m                   Normal    Pulled                         Pod/django-deployment-5478c69b4d-hfnj7                             Container image "plt/app-rocket-plt-25-03-2026:v1" already present on machine and can be accessed by the pod
preprod-plt-25-03-2026   53m                   Normal    Started                        Pod/django-deployment-5478c69b4d-hfnj7                             Container started
preprod-plt-25-03-2026   53m                   Normal    SuccessfulDelete               ReplicaSet/django-deployment-7d54f6d9fb                            Deleted pod: django-deployment-7d54f6d9fb-vj6xk
preprod-plt-25-03-2026   46m (x34 over 57m)    Warning   FailedGetResourceMetric        HorizontalPodAutoscaler/hpa-django-dashboard-plt-25-03-2026        failed to get cpu utilization: missing request for cpu in container container-django-dashboard-plt-25-03-2026 of Pod django-dashboard-deployment-plt-25-03-2026-6dc65499d8-2j8vz
dev-plt-25-03-2026       45m                   Normal    ScalingReplicaSet              Deployment/django-dashboard-deployment-plt-25-03-2026              Scaled up replica set django-dashboard-deployment-plt-25-03-2026-d74987868 from 1 to 3
dev-plt-25-03-2026       45m                   Normal    ScalingReplicaSet              Deployment/django-dashboard-deployment-plt-25-03-2026              Scaled up replica set django-dashboard-deployment-plt-25-03-2026-6b67ff4f86 from 0 to 1
dev-plt-25-03-2026       45m                   Normal    SuccessfulCreate               ReplicaSet/django-dashboard-deployment-plt-25-03-2026-d74987868    Created pod: django-dashboard-deployment-plt-25-03-2026-d74987868-b7p25
dev-plt-25-03-2026       45m                   Normal    SuccessfulCreate               ReplicaSet/django-dashboard-deployment-plt-25-03-2026-6b67ff4f86   Created pod: django-dashboard-deployment-plt-25-03-2026-6b67ff4f86-xz9zr
dev-plt-25-03-2026       45m                   Normal    SuccessfulCreate               ReplicaSet/django-dashboard-deployment-plt-25-03-2026-d74987868    Created pod: django-dashboard-deployment-plt-25-03-2026-d74987868-6zshx
dev-plt-25-03-2026       45m                   Normal    Scheduled                      Pod/django-dashboard-deployment-plt-25-03-2026-d74987868-b7p25     Successfully assigned dev-plt-25-03-2026/django-dashboard-deployment-plt-25-03-2026-d74987868-b7p25 to minikube
dev-plt-25-03-2026       45m                   Normal    Scheduled                      Pod/django-dashboard-deployment-plt-25-03-2026-d74987868-6zshx     Successfully assigned dev-plt-25-03-2026/django-dashboard-deployment-plt-25-03-2026-d74987868-6zshx to minikube
dev-plt-25-03-2026       45m                   Normal    Scheduled                      Pod/django-dashboard-deployment-plt-25-03-2026-6b67ff4f86-xz9zr    Successfully assigned dev-plt-25-03-2026/django-dashboard-deployment-plt-25-03-2026-6b67ff4f86-xz9zr to minikube
dev-plt-25-03-2026       45m                   Normal    Pulled                         Pod/django-dashboard-deployment-plt-25-03-2026-d74987868-6zshx     Container image "plt/app-django-plt-25-03-2026:v1" already present on machine and can be accessed by the pod
dev-plt-25-03-2026       45m                   Normal    Created                        Pod/django-dashboard-deployment-plt-25-03-2026-d74987868-6zshx     Container created
dev-plt-25-03-2026       45m                   Normal    Started                        Pod/django-dashboard-deployment-plt-25-03-2026-d74987868-6zshx     Container started
dev-plt-25-03-2026       45m                   Normal    ScalingReplicaSet              Deployment/django-dashboard-deployment-plt-25-03-2026              Scaled down replica set django-dashboard-deployment-plt-25-03-2026-d74987868 from 3 to 2
dev-plt-25-03-2026       45m                   Normal    SuccessfulDelete               ReplicaSet/django-dashboard-deployment-plt-25-03-2026-d74987868    Deleted pod: django-dashboard-deployment-plt-25-03-2026-d74987868-b7p25
dev-plt-25-03-2026       45m                   Normal    Started                        Pod/django-dashboard-deployment-plt-25-03-2026-d74987868-b7p25     Container started
dev-plt-25-03-2026       45m                   Normal    Pulled                         Pod/django-dashboard-deployment-plt-25-03-2026-d74987868-b7p25     Container image "plt/app-django-plt-25-03-2026:v1" already present on machine and can be accessed by the pod
dev-plt-25-03-2026       45m                   Normal    Started                        Pod/django-dashboard-deployment-plt-25-03-2026-6b67ff4f86-xz9zr    Container started
dev-plt-25-03-2026       45m                   Normal    Created                        Pod/django-dashboard-deployment-plt-25-03-2026-6b67ff4f86-xz9zr    Container created
dev-plt-25-03-2026       45m                   Normal    SuccessfulCreate               ReplicaSet/django-dashboard-deployment-plt-25-03-2026-6b67ff4f86   Created pod: django-dashboard-deployment-plt-25-03-2026-6b67ff4f86-scv6g
dev-plt-25-03-2026       45m                   Normal    ScalingReplicaSet              Deployment/django-dashboard-deployment-plt-25-03-2026              Scaled up replica set django-dashboard-deployment-plt-25-03-2026-6b67ff4f86 from 1 to 2
dev-plt-25-03-2026       45m                   Normal    Created                        Pod/django-dashboard-deployment-plt-25-03-2026-d74987868-b7p25     Container created
dev-plt-25-03-2026       45m                   Normal    Pulled                         Pod/django-dashboard-deployment-plt-25-03-2026-6b67ff4f86-xz9zr    Container image "plt/app-django-plt-25-03-2026:v1" already present on machine and can be accessed by the pod
dev-plt-25-03-2026       45m                   Normal    Scheduled                      Pod/django-dashboard-deployment-plt-25-03-2026-6b67ff4f86-scv6g    Successfully assigned dev-plt-25-03-2026/django-dashboard-deployment-plt-25-03-2026-6b67ff4f86-scv6g to minikube
dev-plt-25-03-2026       45m                   Normal    Killing                        Pod/django-dashboard-deployment-plt-25-03-2026-d74987868-6zshx     Stopping container container-django-dashboard-plt-25-03-2026
dev-plt-25-03-2026       45m                   Normal    Pulled                         Pod/django-dashboard-deployment-plt-25-03-2026-6b67ff4f86-scv6g    Container image "plt/app-django-plt-25-03-2026:v1" already present on machine and can be accessed by the pod
dev-plt-25-03-2026       45m                   Normal    Created                        Pod/django-dashboard-deployment-plt-25-03-2026-6b67ff4f86-scv6g    Container created
dev-plt-25-03-2026       45m                   Normal    Started                        Pod/django-dashboard-deployment-plt-25-03-2026-6b67ff4f86-scv6g    Container started
dev-plt-25-03-2026       45m                   Normal    SuccessfulCreate               ReplicaSet/django-dashboard-deployment-plt-25-03-2026-6b67ff4f86   Created pod: django-dashboard-deployment-plt-25-03-2026-6b67ff4f86-zcg96
dev-plt-25-03-2026       45m                   Normal    Killing                        Pod/django-dashboard-deployment-plt-25-03-2026-d74987868-b7p25     Stopping container container-django-dashboard-plt-25-03-2026
dev-plt-25-03-2026       45m                   Normal    ScalingReplicaSet              Deployment/django-dashboard-deployment-plt-25-03-2026              Scaled up replica set django-dashboard-deployment-plt-25-03-2026-6b67ff4f86 from 2 to 3
dev-plt-25-03-2026       45m                   Normal    ScalingReplicaSet              Deployment/django-dashboard-deployment-plt-25-03-2026              Scaled down replica set django-dashboard-deployment-plt-25-03-2026-d74987868 from 2 to 1
dev-plt-25-03-2026       45m                   Normal    SuccessfulDelete               ReplicaSet/django-dashboard-deployment-plt-25-03-2026-d74987868    Deleted pod: django-dashboard-deployment-plt-25-03-2026-d74987868-6zshx
dev-plt-25-03-2026       45m                   Normal    Scheduled                      Pod/django-dashboard-deployment-plt-25-03-2026-6b67ff4f86-zcg96    Successfully assigned dev-plt-25-03-2026/django-dashboard-deployment-plt-25-03-2026-6b67ff4f86-zcg96 to minikube
dev-plt-25-03-2026       45m                   Normal    ScalingReplicaSet              Deployment/django-dashboard-deployment-plt-25-03-2026              Scaled down replica set django-dashboard-deployment-plt-25-03-2026-d74987868 from 1 to 0
dev-plt-25-03-2026       45m                   Normal    Started                        Pod/django-dashboard-deployment-plt-25-03-2026-6b67ff4f86-zcg96    Container started
dev-plt-25-03-2026       45m                   Normal    SuccessfulDelete               ReplicaSet/django-dashboard-deployment-plt-25-03-2026-d74987868    Deleted pod: django-dashboard-deployment-plt-25-03-2026-d74987868-845hr
dev-plt-25-03-2026       45m                   Normal    Pulled                         Pod/django-dashboard-deployment-plt-25-03-2026-6b67ff4f86-zcg96    Container image "plt/app-django-plt-25-03-2026:v1" already present on machine and can be accessed by the pod
dev-plt-25-03-2026       45m                   Normal    Created                        Pod/django-dashboard-deployment-plt-25-03-2026-6b67ff4f86-zcg96    Container created
dev-plt-25-03-2026       45m                   Normal    Killing                        Pod/django-dashboard-deployment-plt-25-03-2026-d74987868-845hr     Stopping container container-django-dashboard-plt-25-03-2026
preprod-plt-25-03-2026   41m (x25 over 58m)    Warning   FailedGetResourceMetric        HorizontalPodAutoscaler/hpa-django-dashboard-plt-25-03-2026        failed to get cpu utilization: missing request for cpu in container container-django-dashboard-plt-25-03-2026 of Pod django-dashboard-deployment-plt-25-03-2026-6dc65499d8-p9z7p
preprod-plt-25-03-2026   38m                   Normal    SuccessfulCreate               ReplicaSet/stripe-deployment-plt-25-03-2026-6f7c6b474f             Created pod: stripe-deployment-plt-25-03-2026-6f7c6b474f-prdf7
preprod-plt-25-03-2026   38m                   Normal    ScalingReplicaSet              Deployment/stripe-deployment-plt-25-03-2026                        Scaled down replica set stripe-deployment-plt-25-03-2026-689986d8cd from 3 to 2
preprod-plt-25-03-2026   38m                   Normal    ScalingReplicaSet              Deployment/django-dashboard-deployment-plt-25-03-2026              Scaled up replica set django-dashboard-deployment-plt-25-03-2026-7757757994 from 0 to 1
preprod-plt-25-03-2026   38m                   Normal    ScalingReplicaSet              Deployment/django-deployment                                       Scaled down replica set django-deployment-5478c69b4d from 3 to 2
preprod-plt-25-03-2026   38m                   Normal    SuccessfulDelete               ReplicaSet/stripe-deployment-plt-25-03-2026-689986d8cd             Deleted pod: stripe-deployment-plt-25-03-2026-689986d8cd-z7mmp
preprod-plt-25-03-2026   38m                   Normal    Killing                        Pod/django-dashboard-deployment-plt-25-03-2026-6dc65499d8-2j8vz    Stopping container container-django-dashboard-plt-25-03-2026
preprod-plt-25-03-2026   38m                   Normal    SuccessfulDelete               ReplicaSet/django-deployment-5478c69b4d                            Deleted pod: django-deployment-5478c69b4d-c94f7
preprod-plt-25-03-2026   38m                   Normal    ScalingReplicaSet              Deployment/django-dashboard-deployment-plt-25-03-2026              Scaled down replica set django-dashboard-deployment-plt-25-03-2026-6dc65499d8 from 3 to 2
preprod-plt-25-03-2026   38m                   Normal    ScalingReplicaSet              Deployment/stripe-deployment-plt-25-03-2026                        Scaled up replica set stripe-deployment-plt-25-03-2026-6f7c6b474f from 0 to 1
preprod-plt-25-03-2026   38m                   Normal    ScalingReplicaSet              Deployment/django-deployment                                       Scaled up replica set django-deployment-95d846ccc from 0 to 1
preprod-plt-25-03-2026   38m                   Normal    SuccessfulDelete               ReplicaSet/django-dashboard-deployment-plt-25-03-2026-6dc65499d8   Deleted pod: django-dashboard-deployment-plt-25-03-2026-6dc65499d8-2j8vz
preprod-plt-25-03-2026   38m                   Normal    Killing                        Pod/django-deployment-5478c69b4d-c94f7                             Stopping container django-random
preprod-plt-25-03-2026   38m                   Normal    SuccessfulCreate               ReplicaSet/django-dashboard-deployment-plt-25-03-2026-7757757994   Created pod: django-dashboard-deployment-plt-25-03-2026-7757757994-m5gw5
preprod-plt-25-03-2026   38m                   Normal    Killing                        Pod/stripe-deployment-plt-25-03-2026-689986d8cd-z7mmp              Stopping container container-stripe-plt-25-03-2026
preprod-plt-25-03-2026   38m                   Normal    SuccessfulCreate               ReplicaSet/django-deployment-95d846ccc                             Created pod: django-deployment-95d846ccc-nmzr8
preprod-plt-25-03-2026   38m                   Normal    Scheduled                      Pod/django-dashboard-deployment-plt-25-03-2026-7757757994-m5gw5    Successfully assigned preprod-plt-25-03-2026/django-dashboard-deployment-plt-25-03-2026-7757757994-m5gw5 to minikube
preprod-plt-25-03-2026   38m                   Normal    Scheduled                      Pod/django-deployment-95d846ccc-nmzr8                              Successfully assigned preprod-plt-25-03-2026/django-deployment-95d846ccc-nmzr8 to minikube
preprod-plt-25-03-2026   38m                   Normal    Scheduled                      Pod/stripe-deployment-plt-25-03-2026-6f7c6b474f-prdf7              Successfully assigned preprod-plt-25-03-2026/stripe-deployment-plt-25-03-2026-6f7c6b474f-prdf7 to minikube
preprod-plt-25-03-2026   38m                   Normal    Pulled                         Pod/django-dashboard-deployment-plt-25-03-2026-7757757994-m5gw5    Container image "plt/app-django-plt-25-03-2026:v1" already present on machine and can be accessed by the pod
preprod-plt-25-03-2026   38m                   Normal    Created                        Pod/django-dashboard-deployment-plt-25-03-2026-7757757994-m5gw5    Container created
preprod-plt-25-03-2026   38m                   Normal    Pulled                         Pod/django-deployment-95d846ccc-nmzr8                              Container image "plt/app-rocket-plt-25-03-2026:v1" already present on machine and can be accessed by the pod
preprod-plt-25-03-2026   38m                   Normal    Pulled                         Pod/stripe-deployment-plt-25-03-2026-6f7c6b474f-prdf7              Container image "plt/stripe-app-plt-25-03-2026:v1" already present on machine and can be accessed by the pod
preprod-plt-25-03-2026   38m                   Normal    Created                        Pod/django-deployment-95d846ccc-nmzr8                              Container created
preprod-plt-25-03-2026   38m                   Normal    Created                        Pod/stripe-deployment-plt-25-03-2026-6f7c6b474f-prdf7              Container created
preprod-plt-25-03-2026   38m                   Normal    Started                        Pod/stripe-deployment-plt-25-03-2026-6f7c6b474f-prdf7              Container started
preprod-plt-25-03-2026   38m                   Normal    Started                        Pod/django-deployment-95d846ccc-nmzr8                              Container started
preprod-plt-25-03-2026   38m                   Normal    Started                        Pod/django-dashboard-deployment-plt-25-03-2026-7757757994-m5gw5    Container started
preprod-plt-25-03-2026   38m                   Normal    SuccessfulCreate               ReplicaSet/stripe-deployment-plt-25-03-2026-6f7c6b474f             Created pod: stripe-deployment-plt-25-03-2026-6f7c6b474f-kgfck
preprod-plt-25-03-2026   38m                   Normal    Killing                        Pod/django-deployment-5478c69b4d-hfnj7                             Stopping container django-random
preprod-plt-25-03-2026   38m                   Normal    ScalingReplicaSet              Deployment/stripe-deployment-plt-25-03-2026                        Scaled down replica set stripe-deployment-plt-25-03-2026-689986d8cd from 2 to 1
preprod-plt-25-03-2026   38m                   Normal    SuccessfulDelete               ReplicaSet/django-dashboard-deployment-plt-25-03-2026-6dc65499d8   Deleted pod: django-dashboard-deployment-plt-25-03-2026-6dc65499d8-ls2mg
preprod-plt-25-03-2026   38m                   Normal    Created                        Pod/django-deployment-95d846ccc-j7l7z                              Container created
preprod-plt-25-03-2026   38m                   Normal    SuccessfulCreate               ReplicaSet/django-dashboard-deployment-plt-25-03-2026-7757757994   Created pod: django-dashboard-deployment-plt-25-03-2026-7757757994-7dzrc
preprod-plt-25-03-2026   38m                   Normal    ScalingReplicaSet              Deployment/django-dashboard-deployment-plt-25-03-2026              Scaled down replica set django-dashboard-deployment-plt-25-03-2026-6dc65499d8 from 2 to 1
preprod-plt-25-03-2026   38m                   Normal    ScalingReplicaSet              Deployment/django-dashboard-deployment-plt-25-03-2026              Scaled up replica set django-dashboard-deployment-plt-25-03-2026-7757757994 from 1 to 2
preprod-plt-25-03-2026   38m                   Normal    ScalingReplicaSet              Deployment/django-deployment                                       Scaled up replica set django-deployment-95d846ccc from 1 to 2
preprod-plt-25-03-2026   38m                   Normal    ScalingReplicaSet              Deployment/django-deployment                                       Scaled down replica set django-deployment-5478c69b4d from 2 to 1
preprod-plt-25-03-2026   38m                   Normal    Killing                        Pod/stripe-deployment-plt-25-03-2026-689986d8cd-m27k9              Stopping container container-stripe-plt-25-03-2026
preprod-plt-25-03-2026   38m                   Normal    SuccessfulDelete               ReplicaSet/stripe-deployment-plt-25-03-2026-689986d8cd             Deleted pod: stripe-deployment-plt-25-03-2026-689986d8cd-m27k9
preprod-plt-25-03-2026   38m                   Normal    SuccessfulCreate               ReplicaSet/django-deployment-95d846ccc                             Created pod: django-deployment-95d846ccc-j7l7z
preprod-plt-25-03-2026   38m                   Normal    Pulled                         Pod/django-deployment-95d846ccc-j7l7z                              Container image "plt/app-rocket-plt-25-03-2026:v1" already present on machine and can be accessed by the pod
preprod-plt-25-03-2026   38m                   Normal    ScalingReplicaSet              Deployment/stripe-deployment-plt-25-03-2026                        Scaled up replica set stripe-deployment-plt-25-03-2026-6f7c6b474f from 1 to 2
preprod-plt-25-03-2026   38m                   Normal    Pulled                         Pod/django-dashboard-deployment-plt-25-03-2026-7757757994-7dzrc    Container image "plt/app-django-plt-25-03-2026:v1" already present on machine and can be accessed by the pod
preprod-plt-25-03-2026   38m                   Normal    Killing                        Pod/django-dashboard-deployment-plt-25-03-2026-6dc65499d8-ls2mg    Stopping container container-django-dashboard-plt-25-03-2026
preprod-plt-25-03-2026   38m                   Normal    SuccessfulDelete               ReplicaSet/django-deployment-5478c69b4d                            Deleted pod: django-deployment-5478c69b4d-hfnj7
preprod-plt-25-03-2026   38m                   Normal    Scheduled                      Pod/django-deployment-95d846ccc-j7l7z                              Successfully assigned preprod-plt-25-03-2026/django-deployment-95d846ccc-j7l7z to minikube
preprod-plt-25-03-2026   38m                   Normal    Scheduled                      Pod/django-dashboard-deployment-plt-25-03-2026-7757757994-7dzrc    Successfully assigned preprod-plt-25-03-2026/django-dashboard-deployment-plt-25-03-2026-7757757994-7dzrc to minikube
preprod-plt-25-03-2026   38m                   Normal    Scheduled                      Pod/stripe-deployment-plt-25-03-2026-6f7c6b474f-kgfck              Successfully assigned preprod-plt-25-03-2026/stripe-deployment-plt-25-03-2026-6f7c6b474f-kgfck to minikube
preprod-plt-25-03-2026   38m                   Normal    ScalingReplicaSet              Deployment/django-dashboard-deployment-plt-25-03-2026              Scaled down replica set django-dashboard-deployment-plt-25-03-2026-6dc65499d8 from 1 to 0
preprod-plt-25-03-2026   38m                   Normal    Pulled                         Pod/stripe-deployment-plt-25-03-2026-6f7c6b474f-kgfck              Container image "plt/stripe-app-plt-25-03-2026:v1" already present on machine and can be accessed by the pod
preprod-plt-25-03-2026   38m                   Normal    SuccessfulDelete               ReplicaSet/stripe-deployment-plt-25-03-2026-689986d8cd             Deleted pod: stripe-deployment-plt-25-03-2026-689986d8cd-7gbp7
preprod-plt-25-03-2026   38m                   Normal    ScalingReplicaSet              Deployment/stripe-deployment-plt-25-03-2026                        Scaled down replica set stripe-deployment-plt-25-03-2026-689986d8cd from 1 to 0
preprod-plt-25-03-2026   38m                   Normal    SuccessfulDelete               ReplicaSet/django-dashboard-deployment-plt-25-03-2026-6dc65499d8   Deleted pod: django-dashboard-deployment-plt-25-03-2026-6dc65499d8-p9z7p
preprod-plt-25-03-2026   38m                   Normal    SuccessfulDelete               ReplicaSet/django-deployment-5478c69b4d                            Deleted pod: django-deployment-5478c69b4d-dl84n
preprod-plt-25-03-2026   38m                   Normal    Killing                        Pod/django-dashboard-deployment-plt-25-03-2026-6dc65499d8-p9z7p    Stopping container container-django-dashboard-plt-25-03-2026
preprod-plt-25-03-2026   38m                   Normal    Started                        Pod/stripe-deployment-plt-25-03-2026-6f7c6b474f-kgfck              Container started
preprod-plt-25-03-2026   38m                   Normal    Killing                        Pod/django-deployment-5478c69b4d-dl84n                             Stopping container django-random
preprod-plt-25-03-2026   38m                   Normal    Created                        Pod/stripe-deployment-plt-25-03-2026-6f7c6b474f-kgfck              Container created
preprod-plt-25-03-2026   38m                   Normal    Started                        Pod/django-deployment-95d846ccc-j7l7z                              Container started
preprod-plt-25-03-2026   38m                   Normal    ScalingReplicaSet              Deployment/django-deployment                                       Scaled down replica set django-deployment-5478c69b4d from 1 to 0
preprod-plt-25-03-2026   38m                   Normal    Created                        Pod/django-dashboard-deployment-plt-25-03-2026-7757757994-7dzrc    Container created
preprod-plt-25-03-2026   38m                   Normal    Started                        Pod/django-dashboard-deployment-plt-25-03-2026-7757757994-7dzrc    Container started
preprod-plt-25-03-2026   38m                   Normal    Killing                        Pod/stripe-deployment-plt-25-03-2026-689986d8cd-7gbp7              Stopping container container-stripe-plt-25-03-2026
preprod-plt-25-03-2026   38m                   Normal    ScalingReplicaSet              Deployment/django-dashboard-deployment-plt-25-03-2026              Scaled up replica set django-dashboard-deployment-plt-25-03-2026-7757757994 from 2 to 3
preprod-plt-25-03-2026   38m                   Normal    SuccessfulRescale              HorizontalPodAutoscaler/hpa-django-plt-25-03-2026                  New size: 3; reason: Current number of replicas below Spec.MinReplicas
preprod-plt-25-03-2026   38m                   Normal    ScalingReplicaSet              Deployment/stripe-deployment-plt-25-03-2026                        Scaled up replica set stripe-deployment-plt-25-03-2026-6f7c6b474f from 2 to 3
preprod-plt-25-03-2026   38m                   Normal    SuccessfulCreate               ReplicaSet/stripe-deployment-plt-25-03-2026-6f7c6b474f             Created pod: stripe-deployment-plt-25-03-2026-6f7c6b474f-kglg7
preprod-plt-25-03-2026   38m                   Normal    SuccessfulRescale              HorizontalPodAutoscaler/hpa-django-dashboard-plt-25-03-2026        New size: 3; reason: Current number of replicas below Spec.MinReplicas
preprod-plt-25-03-2026   38m                   Normal    SuccessfulRescale              HorizontalPodAutoscaler/hpa-stripe-plt-25-03-2026                  New size: 3; reason: Current number of replicas below Spec.MinReplicas
preprod-plt-25-03-2026   38m                   Normal    SuccessfulCreate               ReplicaSet/django-dashboard-deployment-plt-25-03-2026-7757757994   Created pod: django-dashboard-deployment-plt-25-03-2026-7757757994-8qdth
preprod-plt-25-03-2026   38m                   Normal    ScalingReplicaSet              Deployment/django-deployment                                       Scaled up replica set django-deployment-95d846ccc from 2 to 3
preprod-plt-25-03-2026   38m                   Normal    SuccessfulCreate               ReplicaSet/django-deployment-95d846ccc                             Created pod: django-deployment-95d846ccc-nb75z
preprod-plt-25-03-2026   38m                   Normal    Scheduled                      Pod/stripe-deployment-plt-25-03-2026-6f7c6b474f-kglg7              Successfully assigned preprod-plt-25-03-2026/stripe-deployment-plt-25-03-2026-6f7c6b474f-kglg7 to minikube
preprod-plt-25-03-2026   38m                   Normal    Scheduled                      Pod/django-deployment-95d846ccc-nb75z                              Successfully assigned preprod-plt-25-03-2026/django-deployment-95d846ccc-nb75z to minikube
preprod-plt-25-03-2026   38m                   Normal    Scheduled                      Pod/django-dashboard-deployment-plt-25-03-2026-7757757994-8qdth    Successfully assigned preprod-plt-25-03-2026/django-dashboard-deployment-plt-25-03-2026-7757757994-8qdth to minikube
preprod-plt-25-03-2026   38m                   Normal    Started                        Pod/django-deployment-95d846ccc-nb75z                              Container started
preprod-plt-25-03-2026   38m                   Normal    Pulled                         Pod/stripe-deployment-plt-25-03-2026-6f7c6b474f-kglg7              Container image "plt/stripe-app-plt-25-03-2026:v1" already present on machine and can be accessed by the pod
preprod-plt-25-03-2026   38m                   Normal    Created                        Pod/stripe-deployment-plt-25-03-2026-6f7c6b474f-kglg7              Container created
preprod-plt-25-03-2026   38m                   Normal    Started                        Pod/stripe-deployment-plt-25-03-2026-6f7c6b474f-kglg7              Container started
preprod-plt-25-03-2026   38m                   Normal    Created                        Pod/django-deployment-95d846ccc-nb75z                              Container created
preprod-plt-25-03-2026   38m                   Normal    Pulled                         Pod/django-dashboard-deployment-plt-25-03-2026-7757757994-8qdth    Container image "plt/app-django-plt-25-03-2026:v1" already present on machine and can be accessed by the pod
preprod-plt-25-03-2026   38m                   Normal    Pulled                         Pod/django-deployment-95d846ccc-nb75z                              Container image "plt/app-rocket-plt-25-03-2026:v1" already present on machine and can be accessed by the pod
preprod-plt-25-03-2026   38m                   Normal    Created                        Pod/django-dashboard-deployment-plt-25-03-2026-7757757994-8qdth    Container created
preprod-plt-25-03-2026   38m                   Normal    Started                        Pod/django-dashboard-deployment-plt-25-03-2026-7757757994-8qdth    Container started
preprod-plt-25-03-2026   38m (x86 over 76m)    Warning   FailedComputeMetricsReplicas   HorizontalPodAutoscaler/hpa-django-plt-25-03-2026                  invalid metrics (1 invalid out of 1), first error is: failed to get cpu resource metric value: failed to get cpu utilization: unable to get metrics for resource cpu: no metrics returned from resource metrics API
preprod-plt-25-03-2026   38m (x82 over 76m)    Warning   FailedComputeMetricsReplicas   HorizontalPodAutoscaler/hpa-stripe-plt-25-03-2026                  invalid metrics (1 invalid out of 1), first error is: failed to get cpu resource metric value: failed to get cpu utilization: unable to get metrics for resource cpu: no metrics returned from resource metrics API
preprod-plt-25-03-2026   38m (x82 over 76m)    Warning   FailedGetResourceMetric        HorizontalPodAutoscaler/hpa-stripe-plt-25-03-2026                  failed to get cpu utilization: unable to get metrics for resource cpu: no metrics returned from resource metrics API
preprod-plt-25-03-2026   38m (x86 over 76m)    Warning   FailedGetResourceMetric        HorizontalPodAutoscaler/hpa-django-plt-25-03-2026                  failed to get cpu utilization: unable to get metrics for resource cpu: no metrics returned from resource metrics API
preprod-plt-25-03-2026   37m (x5 over 53m)     Warning   FailedGetResourceMetric        HorizontalPodAutoscaler/hpa-stripe-plt-25-03-2026                  failed to get cpu utilization: did not receive metrics for targeted pods (pods might be unready)
preprod-plt-25-03-2026   37m (x5 over 52m)     Warning   FailedGetResourceMetric        HorizontalPodAutoscaler/hpa-django-plt-25-03-2026                  failed to get cpu utilization: did not receive metrics for targeted pods (pods might be unready)
preprod-plt-25-03-2026   34m                   Normal    Scheduled                      Pod/cpu-stress                                                     Successfully assigned preprod-plt-25-03-2026/cpu-stress to minikube
preprod-plt-25-03-2026   34m                   Normal    Pulling                        Pod/cpu-stress                                                     Pulling image "busybox"
preprod-plt-25-03-2026   34m                   Normal    Started                        Pod/cpu-stress                                                     Container started
preprod-plt-25-03-2026   34m                   Normal    Created                        Pod/cpu-stress                                                     Container created
preprod-plt-25-03-2026   34m                   Normal    Pulled                         Pod/cpu-stress                                                     Successfully pulled image "busybox" in 2.462s (2.462s including waiting). Image size: 4421262 bytes.
preprod-plt-25-03-2026   23m                   Normal    SuccessfulCreate               ReplicaSet/stripe-deployment-plt-25-03-2026-6f7c6b474f             Created pod: stripe-deployment-plt-25-03-2026-6f7c6b474f-6mctr
preprod-plt-25-03-2026   23m                   Normal    ScalingReplicaSet              Deployment/stripe-deployment-plt-25-03-2026                        Scaled up replica set stripe-deployment-plt-25-03-2026-6f7c6b474f from 3 to 7
preprod-plt-25-03-2026   23m                   Normal    SuccessfulRescale              HorizontalPodAutoscaler/hpa-stripe-plt-25-03-2026                  New size: 7; reason: cpu resource utilization (percentage of request) above target
preprod-plt-25-03-2026   23m                   Normal    SuccessfulCreate               ReplicaSet/stripe-deployment-plt-25-03-2026-6f7c6b474f             Created pod: stripe-deployment-plt-25-03-2026-6f7c6b474f-6ct6j
preprod-plt-25-03-2026   23m                   Normal    SuccessfulCreate               ReplicaSet/stripe-deployment-plt-25-03-2026-6f7c6b474f             Created pod: stripe-deployment-plt-25-03-2026-6f7c6b474f-gctnr
preprod-plt-25-03-2026   23m                   Normal    SuccessfulCreate               ReplicaSet/stripe-deployment-plt-25-03-2026-6f7c6b474f             Created pod: stripe-deployment-plt-25-03-2026-6f7c6b474f-pkg2v
preprod-plt-25-03-2026   23m                   Normal    Scheduled                      Pod/stripe-deployment-plt-25-03-2026-6f7c6b474f-6mctr              Successfully assigned preprod-plt-25-03-2026/stripe-deployment-plt-25-03-2026-6f7c6b474f-6mctr to minikube
preprod-plt-25-03-2026   23m                   Normal    Scheduled                      Pod/stripe-deployment-plt-25-03-2026-6f7c6b474f-gctnr              Successfully assigned preprod-plt-25-03-2026/stripe-deployment-plt-25-03-2026-6f7c6b474f-gctnr to minikube
preprod-plt-25-03-2026   23m                   Normal    Scheduled                      Pod/stripe-deployment-plt-25-03-2026-6f7c6b474f-pkg2v              Successfully assigned preprod-plt-25-03-2026/stripe-deployment-plt-25-03-2026-6f7c6b474f-pkg2v to minikube
preprod-plt-25-03-2026   23m                   Normal    Scheduled                      Pod/stripe-deployment-plt-25-03-2026-6f7c6b474f-6ct6j              Successfully assigned preprod-plt-25-03-2026/stripe-deployment-plt-25-03-2026-6f7c6b474f-6ct6j to minikube
preprod-plt-25-03-2026   23m                   Normal    Pulled                         Pod/stripe-deployment-plt-25-03-2026-6f7c6b474f-pkg2v              Container image "plt/stripe-app-plt-25-03-2026:v1" already present on machine and can be accessed by the pod
preprod-plt-25-03-2026   23m                   Normal    Created                        Pod/stripe-deployment-plt-25-03-2026-6f7c6b474f-6ct6j              Container created
preprod-plt-25-03-2026   23m                   Normal    Started                        Pod/stripe-deployment-plt-25-03-2026-6f7c6b474f-gctnr              Container started
preprod-plt-25-03-2026   23m                   Normal    Created                        Pod/stripe-deployment-plt-25-03-2026-6f7c6b474f-gctnr              Container created
preprod-plt-25-03-2026   23m                   Normal    Created                        Pod/stripe-deployment-plt-25-03-2026-6f7c6b474f-6mctr              Container created
preprod-plt-25-03-2026   23m                   Normal    Pulled                         Pod/stripe-deployment-plt-25-03-2026-6f7c6b474f-6mctr              Container image "plt/stripe-app-plt-25-03-2026:v1" already present on machine and can be accessed by the pod
preprod-plt-25-03-2026   23m                   Normal    Created                        Pod/stripe-deployment-plt-25-03-2026-6f7c6b474f-pkg2v              Container created
preprod-plt-25-03-2026   23m                   Normal    Started                        Pod/stripe-deployment-plt-25-03-2026-6f7c6b474f-pkg2v              Container started
preprod-plt-25-03-2026   23m                   Normal    Started                        Pod/stripe-deployment-plt-25-03-2026-6f7c6b474f-6mctr              Container started
preprod-plt-25-03-2026   23m                   Normal    Pulled                         Pod/stripe-deployment-plt-25-03-2026-6f7c6b474f-gctnr              Container image "plt/stripe-app-plt-25-03-2026:v1" already present on machine and can be accessed by the pod
preprod-plt-25-03-2026   23m                   Normal    Pulled                         Pod/stripe-deployment-plt-25-03-2026-6f7c6b474f-6ct6j              Container image "plt/stripe-app-plt-25-03-2026:v1" already present on machine and can be accessed by the pod
preprod-plt-25-03-2026   23m                   Normal    Started                        Pod/stripe-deployment-plt-25-03-2026-6f7c6b474f-6ct6j              Container started
dev-plt-25-03-2026       23m (x2 over 101m)    Normal    Pulled                         Pod/stripe-deployment-plt-25-03-2026-644c78f584-ljwds              Container image "plt/stripe-app-plt-25-03-2026:v1" already present on machine and can be accessed by the pod
dev-plt-25-03-2026       23m (x2 over 101m)    Normal    Created                        Pod/stripe-deployment-plt-25-03-2026-644c78f584-ljwds              Container created
dev-plt-25-03-2026       23m (x2 over 101m)    Normal    Started                        Pod/stripe-deployment-plt-25-03-2026-644c78f584-ljwds              Container started
preprod-plt-25-03-2026   22m                   Normal    SuccessfulRescale              HorizontalPodAutoscaler/hpa-stripe-plt-25-03-2026                  New size: 10; reason: cpu resource utilization (percentage of request) above target
preprod-plt-25-03-2026   22m                   Normal    ScalingReplicaSet              Deployment/stripe-deployment-plt-25-03-2026                        Scaled up replica set stripe-deployment-plt-25-03-2026-6f7c6b474f from 7 to 10
preprod-plt-25-03-2026   22m                   Normal    SuccessfulCreate               ReplicaSet/stripe-deployment-plt-25-03-2026-6f7c6b474f             Created pod: stripe-deployment-plt-25-03-2026-6f7c6b474f-gzd4n
preprod-plt-25-03-2026   22m                   Normal    SuccessfulCreate               ReplicaSet/stripe-deployment-plt-25-03-2026-6f7c6b474f             Created pod: stripe-deployment-plt-25-03-2026-6f7c6b474f-bs8xm
preprod-plt-25-03-2026   22m                   Normal    SuccessfulCreate               ReplicaSet/stripe-deployment-plt-25-03-2026-6f7c6b474f             Created pod: stripe-deployment-plt-25-03-2026-6f7c6b474f-jpg2w
preprod-plt-25-03-2026   22m                   Normal    Scheduled                      Pod/stripe-deployment-plt-25-03-2026-6f7c6b474f-gzd4n              Successfully assigned preprod-plt-25-03-2026/stripe-deployment-plt-25-03-2026-6f7c6b474f-gzd4n to minikube
preprod-plt-25-03-2026   22m                   Normal    Scheduled                      Pod/stripe-deployment-plt-25-03-2026-6f7c6b474f-bs8xm              Successfully assigned preprod-plt-25-03-2026/stripe-deployment-plt-25-03-2026-6f7c6b474f-bs8xm to minikube
preprod-plt-25-03-2026   22m                   Normal    Scheduled                      Pod/stripe-deployment-plt-25-03-2026-6f7c6b474f-jpg2w              Successfully assigned preprod-plt-25-03-2026/stripe-deployment-plt-25-03-2026-6f7c6b474f-jpg2w to minikube
preprod-plt-25-03-2026   22m                   Normal    Created                        Pod/stripe-deployment-plt-25-03-2026-6f7c6b474f-bs8xm              Container created
preprod-plt-25-03-2026   22m                   Normal    Started                        Pod/stripe-deployment-plt-25-03-2026-6f7c6b474f-jpg2w              Container started
preprod-plt-25-03-2026   22m                   Normal    Pulled                         Pod/stripe-deployment-plt-25-03-2026-6f7c6b474f-jpg2w              Container image "plt/stripe-app-plt-25-03-2026:v1" already present on machine and can be accessed by the pod
preprod-plt-25-03-2026   22m                   Normal    Pulled                         Pod/stripe-deployment-plt-25-03-2026-6f7c6b474f-gzd4n              Container image "plt/stripe-app-plt-25-03-2026:v1" already present on machine and can be accessed by the pod
preprod-plt-25-03-2026   22m                   Normal    Created                        Pod/stripe-deployment-plt-25-03-2026-6f7c6b474f-jpg2w              Container created
preprod-plt-25-03-2026   22m                   Normal    Started                        Pod/stripe-deployment-plt-25-03-2026-6f7c6b474f-bs8xm              Container started
preprod-plt-25-03-2026   22m                   Normal    Pulled                         Pod/stripe-deployment-plt-25-03-2026-6f7c6b474f-bs8xm              Container image "plt/stripe-app-plt-25-03-2026:v1" already present on machine and can be accessed by the pod
preprod-plt-25-03-2026   22m                   Normal    Created                        Pod/stripe-deployment-plt-25-03-2026-6f7c6b474f-gzd4n              Container created
preprod-plt-25-03-2026   22m                   Normal    Started                        Pod/stripe-deployment-plt-25-03-2026-6f7c6b474f-gzd4n              Container started
preprod-plt-25-03-2026   21m                   Normal    SuccessfulDelete               ReplicaSet/stripe-deployment-plt-25-03-2026-6f7c6b474f             Deleted pod: stripe-deployment-plt-25-03-2026-6f7c6b474f-bs8xm
preprod-plt-25-03-2026   21m                   Normal    SuccessfulDelete               ReplicaSet/stripe-deployment-plt-25-03-2026-6f7c6b474f             Deleted pod: stripe-deployment-plt-25-03-2026-6f7c6b474f-gzd4n
preprod-plt-25-03-2026   21m                   Normal    Killing                        Pod/stripe-deployment-plt-25-03-2026-6f7c6b474f-jpg2w              Stopping container container-stripe-plt-25-03-2026
preprod-plt-25-03-2026   21m                   Normal    ScalingReplicaSet              Deployment/stripe-deployment-plt-25-03-2026                        Scaled down replica set stripe-deployment-plt-25-03-2026-6f7c6b474f from 10 to 5
preprod-plt-25-03-2026   21m                   Normal    Killing                        Pod/stripe-deployment-plt-25-03-2026-6f7c6b474f-gzd4n              Stopping container container-stripe-plt-25-03-2026
preprod-plt-25-03-2026   21m                   Normal    Killing                        Pod/stripe-deployment-plt-25-03-2026-6f7c6b474f-pkg2v              Stopping container container-stripe-plt-25-03-2026
preprod-plt-25-03-2026   21m                   Normal    SuccessfulDelete               ReplicaSet/stripe-deployment-plt-25-03-2026-6f7c6b474f             Deleted pod: stripe-deployment-plt-25-03-2026-6f7c6b474f-jpg2w
preprod-plt-25-03-2026   21m                   Normal    Killing                        Pod/stripe-deployment-plt-25-03-2026-6f7c6b474f-gctnr              Stopping container container-stripe-plt-25-03-2026
preprod-plt-25-03-2026   21m                   Normal    SuccessfulRescale              HorizontalPodAutoscaler/hpa-stripe-plt-25-03-2026                  New size: 5; reason: All metrics below target
preprod-plt-25-03-2026   21m                   Normal    Killing                        Pod/stripe-deployment-plt-25-03-2026-6f7c6b474f-bs8xm              Stopping container container-stripe-plt-25-03-2026
preprod-plt-25-03-2026   21m                   Normal    SuccessfulDelete               ReplicaSet/stripe-deployment-plt-25-03-2026-6f7c6b474f             Deleted pod: stripe-deployment-plt-25-03-2026-6f7c6b474f-gctnr
preprod-plt-25-03-2026   21m                   Normal    SuccessfulDelete               ReplicaSet/stripe-deployment-plt-25-03-2026-6f7c6b474f             Deleted pod: stripe-deployment-plt-25-03-2026-6f7c6b474f-pkg2v
preprod-plt-25-03-2026   21m                   Normal    Killing                        Pod/stripe-deployment-plt-25-03-2026-6f7c6b474f-6mctr              Stopping container container-stripe-plt-25-03-2026
preprod-plt-25-03-2026   21m                   Normal    SuccessfulDelete               ReplicaSet/stripe-deployment-plt-25-03-2026-6f7c6b474f             Deleted pod: stripe-deployment-plt-25-03-2026-6f7c6b474f-6ct6j
preprod-plt-25-03-2026   21m                   Normal    SuccessfulDelete               ReplicaSet/stripe-deployment-plt-25-03-2026-6f7c6b474f             Deleted pod: stripe-deployment-plt-25-03-2026-6f7c6b474f-6mctr
preprod-plt-25-03-2026   21m                   Normal    SuccessfulRescale              HorizontalPodAutoscaler/hpa-stripe-plt-25-03-2026                  New size: 3; reason: All metrics below target
preprod-plt-25-03-2026   21m                   Normal    Killing                        Pod/stripe-deployment-plt-25-03-2026-6f7c6b474f-6ct6j              Stopping container container-stripe-plt-25-03-2026
preprod-plt-25-03-2026   21m                   Normal    ScalingReplicaSet              Deployment/stripe-deployment-plt-25-03-2026                        Scaled down replica set stripe-deployment-plt-25-03-2026-6f7c6b474f from 5 to 3
